This is XeTeX, Version 3.14159265-2.6-0.999991 (TeX Live 2019) (preloaded format=xelatex 2019.6.10)  10 JUN 2019 21:07
entering extended mode
 restricted \write18 enabled.
 %&-line parsing enabled.
**Artigo.tex
(./Artigo.tex
LaTeX2e <2018-12-01>
(/home/droubi/.TinyTeX/texmf-dist/tex/latex/base/article.cls
Document Class: article 2018/09/03 v1.4i Standard LaTeX document class
(/home/droubi/.TinyTeX/texmf-dist/tex/latex/base/size12.clo
File: size12.clo 2018/09/03 v1.4i Standard LaTeX file (size option)
)
\c@part=\count80
\c@section=\count81
\c@subsection=\count82
\c@subsubsection=\count83
\c@paragraph=\count84
\c@subparagraph=\count85
\c@figure=\count86
\c@table=\count87
\abovecaptionskip=\skip41
\belowcaptionskip=\skip42
\bibindent=\dimen102
) (/home/droubi/.TinyTeX/texmf-dist/tex/latex/lm/lmodern.sty
Package: lmodern 2009/10/30 v1.6 Latin Modern Fonts
LaTeX Font Info:    Overwriting symbol font `operators' in version `normal'
(Font)                  OT1/cmr/m/n --> OT1/lmr/m/n on input line 22.
LaTeX Font Info:    Overwriting symbol font `letters' in version `normal'
(Font)                  OML/cmm/m/it --> OML/lmm/m/it on input line 23.
LaTeX Font Info:    Overwriting symbol font `symbols' in version `normal'
(Font)                  OMS/cmsy/m/n --> OMS/lmsy/m/n on input line 24.
LaTeX Font Info:    Overwriting symbol font `largesymbols' in version `normal'
(Font)                  OMX/cmex/m/n --> OMX/lmex/m/n on input line 25.
LaTeX Font Info:    Overwriting symbol font `operators' in version `bold'
(Font)                  OT1/cmr/bx/n --> OT1/lmr/bx/n on input line 26.
LaTeX Font Info:    Overwriting symbol font `letters' in version `bold'
(Font)                  OML/cmm/b/it --> OML/lmm/b/it on input line 27.
LaTeX Font Info:    Overwriting symbol font `symbols' in version `bold'
(Font)                  OMS/cmsy/b/n --> OMS/lmsy/b/n on input line 28.
LaTeX Font Info:    Overwriting symbol font `largesymbols' in version `bold'
(Font)                  OMX/cmex/m/n --> OMX/lmex/m/n on input line 29.
LaTeX Font Info:    Overwriting math alphabet `\mathbf' in version `normal'
(Font)                  OT1/cmr/bx/n --> OT1/lmr/bx/n on input line 31.
LaTeX Font Info:    Overwriting math alphabet `\mathsf' in version `normal'
(Font)                  OT1/cmss/m/n --> OT1/lmss/m/n on input line 32.
LaTeX Font Info:    Overwriting math alphabet `\mathit' in version `normal'
(Font)                  OT1/cmr/m/it --> OT1/lmr/m/it on input line 33.
LaTeX Font Info:    Overwriting math alphabet `\mathtt' in version `normal'
(Font)                  OT1/cmtt/m/n --> OT1/lmtt/m/n on input line 34.
LaTeX Font Info:    Overwriting math alphabet `\mathbf' in version `bold'
(Font)                  OT1/cmr/bx/n --> OT1/lmr/bx/n on input line 35.
LaTeX Font Info:    Overwriting math alphabet `\mathsf' in version `bold'
(Font)                  OT1/cmss/bx/n --> OT1/lmss/bx/n on input line 36.
LaTeX Font Info:    Overwriting math alphabet `\mathit' in version `bold'
(Font)                  OT1/cmr/bx/it --> OT1/lmr/bx/it on input line 37.
LaTeX Font Info:    Overwriting math alphabet `\mathtt' in version `bold'
(Font)                  OT1/cmtt/m/n --> OT1/lmtt/m/n on input line 38.
) (/home/droubi/.TinyTeX/texmf-dist/tex/latex/amsfonts/amssymb.sty
Package: amssymb 2013/01/14 v3.01 AMS font symbols
(/home/droubi/.TinyTeX/texmf-dist/tex/latex/amsfonts/amsfonts.sty
Package: amsfonts 2013/01/14 v3.01 Basic AMSFonts support
\@emptytoks=\toks14
\symAMSa=\mathgroup4
\symAMSb=\mathgroup5
LaTeX Font Info:    Overwriting math alphabet `\mathfrak' in version `bold'
(Font)                  U/euf/m/n --> U/euf/b/n on input line 106.
)) (/home/droubi/.TinyTeX/texmf-dist/tex/latex/amsmath/amsmath.sty
Package: amsmath 2018/12/01 v2.17b AMS math features
\@mathmargin=\skip43
For additional information on amsmath, use the `?' option.
(/home/droubi/.TinyTeX/texmf-dist/tex/latex/amsmath/amstext.sty
Package: amstext 2000/06/29 v2.01 AMS text
(/home/droubi/.TinyTeX/texmf-dist/tex/latex/amsmath/amsgen.sty
File: amsgen.sty 1999/11/30 v2.0 generic functions
\@emptytoks=\toks15
\ex@=\dimen103
)) (/home/droubi/.TinyTeX/texmf-dist/tex/latex/amsmath/amsbsy.sty
Package: amsbsy 1999/11/29 v1.2d Bold Symbols
\pmbraise@=\dimen104
) (/home/droubi/.TinyTeX/texmf-dist/tex/latex/amsmath/amsopn.sty
Package: amsopn 2016/03/08 v2.02 operator names
)
\inf@bad=\count88
LaTeX Info: Redefining \frac on input line 223.
\uproot@=\count89
\leftroot@=\count90
LaTeX Info: Redefining \overline on input line 385.
\classnum@=\count91
\DOTSCASE@=\count92
LaTeX Info: Redefining \ldots on input line 482.
LaTeX Info: Redefining \dots on input line 485.
LaTeX Info: Redefining \cdots on input line 606.
\Mathstrutbox@=\box27
\strutbox@=\box28
\big@size=\dimen105
LaTeX Font Info:    Redeclaring font encoding OML on input line 729.
LaTeX Font Info:    Redeclaring font encoding OMS on input line 730.
\macc@depth=\count93
\c@MaxMatrixCols=\count94
\dotsspace@=\muskip10
\c@parentequation=\count95
\dspbrk@lvl=\count96
\tag@help=\toks16
\row@=\count97
\column@=\count98
\maxfields@=\count99
\andhelp@=\toks17
\eqnshift@=\dimen106
\alignsep@=\dimen107
\tagshift@=\dimen108
\tagwidth@=\dimen109
\totwidth@=\dimen110
\lineht@=\dimen111
\@envbody=\toks18
\multlinegap=\skip44
\multlinetaggap=\skip45
\mathdisplay@stack=\toks19
LaTeX Info: Redefining \[ on input line 2844.
LaTeX Info: Redefining \] on input line 2845.
) (/home/droubi/.TinyTeX/texmf-dist/tex/generic/ifxetex/ifxetex.sty
Package: ifxetex 2010/09/12 v0.6 Provides ifxetex conditional
) (/home/droubi/.TinyTeX/texmf-dist/tex/generic/oberdiek/ifluatex.sty
Package: ifluatex 2016/05/16 v1.4 Provides the ifluatex switch (HO)
Package ifluatex Info: LuaTeX not detected.
) (/home/droubi/.TinyTeX/texmf-dist/tex/latex/base/fixltx2e.sty
Package: fixltx2e 2016/12/29 v2.1a fixes to LaTeX (obsolete)
Applying: [2015/01/01] Old fixltx2e package on input line 46.

Package fixltx2e Warning: fixltx2e is not required with releases after 2015
(fixltx2e)                All fixes are now in the LaTeX kernel.
(fixltx2e)                See the latexrelease package for details.

Already applied: [0000/00/00] Old fixltx2e package on input line 53.
) (/home/droubi/.TinyTeX/texmf-dist/tex/xelatex/mathspec/mathspec.sty
Package: mathspec 2016/12/22 v0.2b LaTeX Package (Mathematics font selection fo
r XeLaTeX)
(/home/droubi/.TinyTeX/texmf-dist/tex/latex/etoolbox/etoolbox.sty
Package: etoolbox 2018/08/19 v2.5f e-TeX tools for LaTeX (JAW)
\etb@tempcnta=\count100
) (/home/droubi/.TinyTeX/texmf-dist/tex/latex/fontspec/fontspec.sty (/home/drou
bi/.TinyTeX/texmf-dist/tex/latex/l3packages/xparse/xparse.sty (/home/droubi/.Ti
nyTeX/texmf-dist/tex/latex/l3kernel/expl3.sty
Package: expl3 2019-05-28 L3 programming layer (loader) 
(/home/droubi/.TinyTeX/texmf-dist/tex/latex/l3kernel/expl3-code.tex
Package: expl3 2019-05-28 L3 programming layer (code)
\c_max_int=\count101
\l_tmpa_int=\count102
\l_tmpb_int=\count103
\g_tmpa_int=\count104
\g_tmpb_int=\count105
\g__kernel_prg_map_int=\count106
\c__ior_term_ior=\count107
\c_log_iow=\count108
\l_iow_line_count_int=\count109
\l__iow_line_target_int=\count110
\l__iow_one_indent_int=\count111
\l__iow_indent_int=\count112
\c_zero_dim=\dimen112
\c_max_dim=\dimen113
\l_tmpa_dim=\dimen114
\l_tmpb_dim=\dimen115
\g_tmpa_dim=\dimen116
\g_tmpb_dim=\dimen117
\c_zero_skip=\skip46
\c_max_skip=\skip47
\l_tmpa_skip=\skip48
\l_tmpb_skip=\skip49
\g_tmpa_skip=\skip50
\g_tmpb_skip=\skip51
\c_zero_muskip=\muskip11
\c_max_muskip=\muskip12
\l_tmpa_muskip=\muskip13
\l_tmpb_muskip=\muskip14
\g_tmpa_muskip=\muskip15
\g_tmpb_muskip=\muskip16
\l_keys_choice_int=\count113
\l__intarray_loop_int=\count114
\c__intarray_sp_dim=\dimen118
\g__intarray_font_int=\count115
\c__fp_leading_shift_int=\count116
\c__fp_middle_shift_int=\count117
\c__fp_trailing_shift_int=\count118
\c__fp_big_leading_shift_int=\count119
\c__fp_big_middle_shift_int=\count120
\c__fp_big_trailing_shift_int=\count121
\c__fp_Bigg_leading_shift_int=\count122
\c__fp_Bigg_middle_shift_int=\count123
\c__fp_Bigg_trailing_shift_int=\count124
\g__fp_array_int=\count125
\l__fp_array_loop_int=\count126
\l__sort_length_int=\count127
\l__sort_min_int=\count128
\l__sort_top_int=\count129
\l__sort_max_int=\count130
\l__sort_true_max_int=\count131
\l__sort_block_int=\count132
\l__sort_begin_int=\count133
\l__sort_end_int=\count134
\l__sort_A_int=\count135
\l__sort_B_int=\count136
\l__sort_C_int=\count137
\l__tl_analysis_normal_int=\count138
\l__tl_analysis_index_int=\count139
\l__tl_analysis_nesting_int=\count140
\l__tl_analysis_type_int=\count141
\l__regex_internal_a_int=\count142
\l__regex_internal_b_int=\count143
\l__regex_internal_c_int=\count144
\l__regex_balance_int=\count145
\l__regex_group_level_int=\count146
\l__regex_mode_int=\count147
\c__regex_cs_in_class_mode_int=\count148
\c__regex_cs_mode_int=\count149
\l__regex_catcodes_int=\count150
\l__regex_default_catcodes_int=\count151
\c__regex_catcode_L_int=\count152
\c__regex_catcode_O_int=\count153
\c__regex_catcode_A_int=\count154
\c__regex_all_catcodes_int=\count155
\l__regex_show_lines_int=\count156
\l__regex_min_state_int=\count157
\l__regex_max_state_int=\count158
\l__regex_left_state_int=\count159
\l__regex_right_state_int=\count160
\l__regex_capturing_group_int=\count161
\l__regex_min_pos_int=\count162
\l__regex_max_pos_int=\count163
\l__regex_curr_pos_int=\count164
\l__regex_start_pos_int=\count165
\l__regex_success_pos_int=\count166
\l__regex_curr_char_int=\count167
\l__regex_curr_catcode_int=\count168
\l__regex_last_char_int=\count169
\l__regex_case_changed_char_int=\count170
\l__regex_curr_state_int=\count171
\l__regex_step_int=\count172
\l__regex_min_active_int=\count173
\l__regex_max_active_int=\count174
\l__regex_replacement_csnames_int=\count175
\l__regex_match_count_int=\count176
\l__regex_min_submatch_int=\count177
\l__regex_submatch_int=\count178
\l__regex_zeroth_submatch_int=\count179
\g__regex_trace_regex_int=\count180
\c_empty_box=\box29
\l_tmpa_box=\box30
\l_tmpb_box=\box31
\g_tmpa_box=\box32
\g_tmpb_box=\box33
\l__box_top_dim=\dimen119
\l__box_bottom_dim=\dimen120
\l__box_left_dim=\dimen121
\l__box_right_dim=\dimen122
\l__box_top_new_dim=\dimen123
\l__box_bottom_new_dim=\dimen124
\l__box_left_new_dim=\dimen125
\l__box_right_new_dim=\dimen126
\l__box_internal_box=\box34
\l__coffin_internal_box=\box35
\l__coffin_internal_dim=\dimen127
\l__coffin_offset_x_dim=\dimen128
\l__coffin_offset_y_dim=\dimen129
\l__coffin_x_dim=\dimen130
\l__coffin_y_dim=\dimen131
\l__coffin_x_prime_dim=\dimen132
\l__coffin_y_prime_dim=\dimen133
\c_empty_coffin=\box36
\l__coffin_aligned_coffin=\box37
\l__coffin_aligned_internal_coffin=\box38
\l_tmpa_coffin=\box39
\l_tmpb_coffin=\box40
\g_tmpa_coffin=\box41
\g_tmpb_coffin=\box42
\l__coffin_bounding_shift_dim=\dimen134
\l__coffin_left_corner_dim=\dimen135
\l__coffin_right_corner_dim=\dimen136
\l__coffin_bottom_corner_dim=\dimen137
\l__coffin_top_corner_dim=\dimen138
\l__coffin_scaled_total_height_dim=\dimen139
\l__coffin_scaled_width_dim=\dimen140
\c__coffin_empty_coffin=\box43
\l__coffin_display_coffin=\box44
\l__coffin_display_coord_coffin=\box45
\l__coffin_display_pole_coffin=\box46
\l__coffin_display_offset_dim=\dimen141
\l__coffin_display_x_dim=\dimen142
\l__coffin_display_y_dim=\dimen143
\g__file_internal_ior=\read1
\l__seq_internal_a_int=\count181
\l__seq_internal_b_int=\count182
\c__deprecation_minus_one=\count183
) (/home/droubi/.TinyTeX/texmf-dist/tex/latex/l3kernel/l3xdvipdfmx.def
File: l3xdvipdfmx.def 2019-04-06 v L3 Experimental driver: xdvipdfmx
\l__driver_internal_box=\box47
\g__driver_graphics_int=\count184
\g__driver_pdf_object_int=\count185
\g__driver_pdf_annotation_int=\count186
))
Package: xparse 2019-05-28 L3 Experimental document command parser
\l__xparse_current_arg_int=\count187
\g__xparse_grabber_int=\count188
\l__xparse_m_args_int=\count189
\l__xparse_v_nesting_int=\count190
)
Package: fontspec 2019/03/15 v2.7c Font selection for XeLaTeX and LuaLaTeX
(/home/droubi/.TinyTeX/texmf-dist/tex/latex/fontspec/fontspec-xetex.sty
Package: fontspec-xetex 2019/03/15 v2.7c Font selection for XeLaTeX and LuaLaTe
X
\l__fontspec_script_int=\count191
\l__fontspec_language_int=\count192
\l__fontspec_strnum_int=\count193
\l__fontspec_tmp_int=\count194
\l__fontspec_tmpa_int=\count195
\l__fontspec_tmpb_int=\count196
\l__fontspec_tmpc_int=\count197
\l__fontspec_em_int=\count198
\l__fontspec_emdef_int=\count199
\l__fontspec_strong_int=\count266
\l__fontspec_strongdef_int=\count267
\l__fontspec_tmpa_dim=\dimen144
\l__fontspec_tmpb_dim=\dimen145
\l__fontspec_tmpc_dim=\dimen146
(/home/droubi/.TinyTeX/texmf-dist/tex/latex/base/fontenc.sty
Package: fontenc 2018/08/11 v2.0j Standard LaTeX package
(/home/droubi/.TinyTeX/texmf-dist/tex/latex/base/tuenc.def
File: tuenc.def 2018/08/11 v2.0j Standard LaTeX file
LaTeX Font Info:    Redeclaring font encoding TU on input line 82.
)) (/home/droubi/.TinyTeX/texmf-dist/tex/latex/fontspec/fontspec.cfg)
LaTeX Info: Redefining \itshape on input line 4051.
LaTeX Info: Redefining \slshape on input line 4056.
LaTeX Info: Redefining \scshape on input line 4061.
LaTeX Info: Redefining \upshape on input line 4066.
LaTeX Info: Redefining \em on input line 4096.
LaTeX Info: Redefining \emph on input line 4121.
)) (/home/droubi/.TinyTeX/texmf-dist/tex/latex/xkeyval/xkeyval.sty
Package: xkeyval 2014/12/03 v2.7a package option processing (HA)
(/home/droubi/.TinyTeX/texmf-dist/tex/generic/xkeyval/xkeyval.tex (/home/droubi
/.TinyTeX/texmf-dist/tex/generic/xkeyval/xkvutils.tex
\XKV@toks=\toks20
\XKV@tempa@toks=\toks21
(/home/droubi/.TinyTeX/texmf-dist/tex/generic/xkeyval/keyval.tex))
\XKV@depth=\count268
File: xkeyval.tex 2014/12/03 v2.7a key=value parser (HA)
))
\c@eu@=\count269
\c@eu@i=\count270
\c@mkern=\count271
) (/home/droubi/.TinyTeX/texmf-dist/tex/latex/upquote/upquote.sty
Package: upquote 2012/04/19 v1.3 upright-quote and grave-accent glyphs in verba
tim
(/home/droubi/.TinyTeX/texmf-dist/tex/latex/base/textcomp.sty
Package: textcomp 2018/08/11 v2.0j Standard LaTeX package
Package textcomp Info: Sub-encoding information:
(textcomp)               5 = only ISO-Adobe without \textcurrency
(textcomp)               4 = 5 + \texteuro
(textcomp)               3 = 4 + \textohm
(textcomp)               2 = 3 + \textestimated + \textcurrency
(textcomp)               1 = TS1 - \textcircled - \t
(textcomp)               0 = TS1 (full)
(textcomp)             Font families with sub-encoding setting implement
(textcomp)             only a restricted character set as indicated.
(textcomp)             Family '?' is the default used for unknown fonts.
(textcomp)             See the documentation for details.
Package textcomp Info: Setting ? sub-encoding to TS1/1 on input line 79.
(/home/droubi/.TinyTeX/texmf-dist/tex/latex/base/ts1enc.def
File: ts1enc.def 2001/06/05 v3.0e (jk/car/fm) Standard LaTeX file
)
LaTeX Info: Redefining \oldstylenums on input line 334.
Package textcomp Info: Setting cmr sub-encoding to TS1/0 on input line 349.
Package textcomp Info: Setting cmss sub-encoding to TS1/0 on input line 350.
Package textcomp Info: Setting cmtt sub-encoding to TS1/0 on input line 351.
Package textcomp Info: Setting cmvtt sub-encoding to TS1/0 on input line 352.
Package textcomp Info: Setting cmbr sub-encoding to TS1/0 on input line 353.
Package textcomp Info: Setting cmtl sub-encoding to TS1/0 on input line 354.
Package textcomp Info: Setting ccr sub-encoding to TS1/0 on input line 355.
Package textcomp Info: Setting ptm sub-encoding to TS1/4 on input line 356.
Package textcomp Info: Setting pcr sub-encoding to TS1/4 on input line 357.
Package textcomp Info: Setting phv sub-encoding to TS1/4 on input line 358.
Package textcomp Info: Setting ppl sub-encoding to TS1/3 on input line 359.
Package textcomp Info: Setting pag sub-encoding to TS1/4 on input line 360.
Package textcomp Info: Setting pbk sub-encoding to TS1/4 on input line 361.
Package textcomp Info: Setting pnc sub-encoding to TS1/4 on input line 362.
Package textcomp Info: Setting pzc sub-encoding to TS1/4 on input line 363.
Package textcomp Info: Setting bch sub-encoding to TS1/4 on input line 364.
Package textcomp Info: Setting put sub-encoding to TS1/5 on input line 365.
Package textcomp Info: Setting uag sub-encoding to TS1/5 on input line 366.
Package textcomp Info: Setting ugq sub-encoding to TS1/5 on input line 367.
Package textcomp Info: Setting ul8 sub-encoding to TS1/4 on input line 368.
Package textcomp Info: Setting ul9 sub-encoding to TS1/4 on input line 369.
Package textcomp Info: Setting augie sub-encoding to TS1/5 on input line 370.
Package textcomp Info: Setting dayrom sub-encoding to TS1/3 on input line 371.
Package textcomp Info: Setting dayroms sub-encoding to TS1/3 on input line 372.

Package textcomp Info: Setting pxr sub-encoding to TS1/0 on input line 373.
Package textcomp Info: Setting pxss sub-encoding to TS1/0 on input line 374.
Package textcomp Info: Setting pxtt sub-encoding to TS1/0 on input line 375.
Package textcomp Info: Setting txr sub-encoding to TS1/0 on input line 376.
Package textcomp Info: Setting txss sub-encoding to TS1/0 on input line 377.
Package textcomp Info: Setting txtt sub-encoding to TS1/0 on input line 378.
Package textcomp Info: Setting lmr sub-encoding to TS1/0 on input line 379.
Package textcomp Info: Setting lmdh sub-encoding to TS1/0 on input line 380.
Package textcomp Info: Setting lmss sub-encoding to TS1/0 on input line 381.
Package textcomp Info: Setting lmssq sub-encoding to TS1/0 on input line 382.
Package textcomp Info: Setting lmvtt sub-encoding to TS1/0 on input line 383.
Package textcomp Info: Setting lmtt sub-encoding to TS1/0 on input line 384.
Package textcomp Info: Setting qhv sub-encoding to TS1/0 on input line 385.
Package textcomp Info: Setting qag sub-encoding to TS1/0 on input line 386.
Package textcomp Info: Setting qbk sub-encoding to TS1/0 on input line 387.
Package textcomp Info: Setting qcr sub-encoding to TS1/0 on input line 388.
Package textcomp Info: Setting qcs sub-encoding to TS1/0 on input line 389.
Package textcomp Info: Setting qpl sub-encoding to TS1/0 on input line 390.
Package textcomp Info: Setting qtm sub-encoding to TS1/0 on input line 391.
Package textcomp Info: Setting qzc sub-encoding to TS1/0 on input line 392.
Package textcomp Info: Setting qhvc sub-encoding to TS1/0 on input line 393.
Package textcomp Info: Setting futs sub-encoding to TS1/4 on input line 394.
Package textcomp Info: Setting futx sub-encoding to TS1/4 on input line 395.
Package textcomp Info: Setting futj sub-encoding to TS1/4 on input line 396.
Package textcomp Info: Setting hlh sub-encoding to TS1/3 on input line 397.
Package textcomp Info: Setting hls sub-encoding to TS1/3 on input line 398.
Package textcomp Info: Setting hlst sub-encoding to TS1/3 on input line 399.
Package textcomp Info: Setting hlct sub-encoding to TS1/5 on input line 400.
Package textcomp Info: Setting hlx sub-encoding to TS1/5 on input line 401.
Package textcomp Info: Setting hlce sub-encoding to TS1/5 on input line 402.
Package textcomp Info: Setting hlcn sub-encoding to TS1/5 on input line 403.
Package textcomp Info: Setting hlcw sub-encoding to TS1/5 on input line 404.
Package textcomp Info: Setting hlcf sub-encoding to TS1/5 on input line 405.
Package textcomp Info: Setting pplx sub-encoding to TS1/3 on input line 406.
Package textcomp Info: Setting pplj sub-encoding to TS1/3 on input line 407.
Package textcomp Info: Setting ptmx sub-encoding to TS1/4 on input line 408.
Package textcomp Info: Setting ptmj sub-encoding to TS1/4 on input line 409.
)) (/home/droubi/.TinyTeX/texmf-dist/tex/latex/geometry/geometry.sty
Package: geometry 2018/04/16 v5.8 Page Geometry
(/home/droubi/.TinyTeX/texmf-dist/tex/generic/oberdiek/ifpdf.sty
Package: ifpdf 2018/09/07 v3.3 Provides the ifpdf switch
) (/home/droubi/.TinyTeX/texmf-dist/tex/generic/oberdiek/ifvtex.sty
Package: ifvtex 2016/05/16 v1.6 Detect VTeX and its facilities (HO)
Package ifvtex Info: VTeX not detected.
)
\Gm@cnth=\count272
\Gm@cntv=\count273
\c@Gm@tempcnt=\count274
\Gm@bindingoffset=\dimen147
\Gm@wd@mp=\dimen148
\Gm@odd@mp=\dimen149
\Gm@even@mp=\dimen150
\Gm@layoutwidth=\dimen151
\Gm@layoutheight=\dimen152
\Gm@layouthoffset=\dimen153
\Gm@layoutvoffset=\dimen154
\Gm@dimlist=\toks22
) (/home/droubi/.TinyTeX/texmf-dist/tex/latex/hyperref/hyperref.sty
Package: hyperref 2018/11/30 v6.88e Hypertext links for LaTeX
(/home/droubi/.TinyTeX/texmf-dist/tex/generic/oberdiek/hobsub-hyperref.sty
Package: hobsub-hyperref 2016/05/16 v1.14 Bundle oberdiek, subset hyperref (HO)

(/home/droubi/.TinyTeX/texmf-dist/tex/generic/oberdiek/hobsub-generic.sty
Package: hobsub-generic 2016/05/16 v1.14 Bundle oberdiek, subset generic (HO)
Package: hobsub 2016/05/16 v1.14 Construct package bundles (HO)
Package: infwarerr 2016/05/16 v1.4 Providing info/warning/error messages (HO)
Package: ltxcmds 2016/05/16 v1.23 LaTeX kernel commands for general use (HO)
Package hobsub Info: Skipping package `ifluatex' (already loaded).
Package hobsub Info: Skipping package `ifvtex' (already loaded).
Package: intcalc 2016/05/16 v1.2 Expandable calculations with integers (HO)
Package hobsub Info: Skipping package `ifpdf' (already loaded).
Package: etexcmds 2016/05/16 v1.6 Avoid name clashes with e-TeX commands (HO)
Package: kvsetkeys 2016/05/16 v1.17 Key value parser (HO)
Package: kvdefinekeys 2016/05/16 v1.4 Define keys (HO)
Package: pdftexcmds 2018/09/10 v0.29 Utility functions of pdfTeX for LuaTeX (HO
)
Package pdftexcmds Info: LuaTeX not detected.
Package pdftexcmds Info: pdfTeX >= 1.30 not detected.
Package pdftexcmds Info: \pdf@primitive is available.
Package pdftexcmds Info: \pdf@ifprimitive is available.
Package pdftexcmds Info: \pdfdraftmode not found.
Package: pdfescape 2016/05/16 v1.14 Implements pdfTeX's escape features (HO)
Package: bigintcalc 2016/05/16 v1.4 Expandable calculations on big integers (HO
)
Package: bitset 2016/05/16 v1.2 Handle bit-vector datatype (HO)
Package: uniquecounter 2016/05/16 v1.3 Provide unlimited unique counter (HO)
)
Package hobsub Info: Skipping package `hobsub' (already loaded).
Package: letltxmacro 2016/05/16 v1.5 Let assignment for LaTeX macros (HO)
Package: hopatch 2016/05/16 v1.3 Wrapper for package hooks (HO)
Package: xcolor-patch 2016/05/16 xcolor patch
Package: atveryend 2016/05/16 v1.9 Hooks at the very end of document (HO)
Package: atbegshi 2016/06/09 v1.18 At begin shipout hook (HO)
Package: refcount 2016/05/16 v3.5 Data extraction from label references (HO)
Package: hycolor 2016/05/16 v1.8 Color options for hyperref/bookmark (HO)
) (/home/droubi/.TinyTeX/texmf-dist/tex/latex/oberdiek/auxhook.sty
Package: auxhook 2016/05/16 v1.4 Hooks for auxiliary files (HO)
) (/home/droubi/.TinyTeX/texmf-dist/tex/latex/oberdiek/kvoptions.sty
Package: kvoptions 2016/05/16 v3.12 Key value format for package options (HO)
)
\@linkdim=\dimen155
\Hy@linkcounter=\count275
\Hy@pagecounter=\count276
(/home/droubi/.TinyTeX/texmf-dist/tex/latex/hyperref/pd1enc.def
File: pd1enc.def 2018/11/30 v6.88e Hyperref: PDFDocEncoding definition (HO)
)
\Hy@SavedSpaceFactor=\count277
(/home/droubi/.TinyTeX/texmf-dist/tex/latex/latexconfig/hyperref.cfg
File: hyperref.cfg 2002/06/06 v1.2 hyperref configuration of TeXLive
)
Package hyperref Info: Hyper figures OFF on input line 4519.
Package hyperref Info: Link nesting OFF on input line 4524.
Package hyperref Info: Hyper index ON on input line 4527.
Package hyperref Info: Plain pages OFF on input line 4534.
Package hyperref Info: Backreferencing OFF on input line 4539.
Package hyperref Info: Implicit mode ON; LaTeX internals redefined.
Package hyperref Info: Bookmarks ON on input line 4772.
\c@Hy@tempcnt=\count278
(/home/droubi/.TinyTeX/texmf-dist/tex/latex/url/url.sty
\Urlmuskip=\muskip17
Package: url 2013/09/16  ver 3.4  Verb mode for urls, etc.
)
LaTeX Info: Redefining \url on input line 5125.
\XeTeXLinkMargin=\dimen156
\Fld@menulength=\count279
\Field@Width=\dimen157
\Fld@charsize=\dimen158
Package hyperref Info: Hyper figures OFF on input line 6380.
Package hyperref Info: Link nesting OFF on input line 6385.
Package hyperref Info: Hyper index ON on input line 6388.
Package hyperref Info: backreferencing OFF on input line 6395.
Package hyperref Info: Link coloring OFF on input line 6400.
Package hyperref Info: Link coloring with OCG OFF on input line 6405.
Package hyperref Info: PDF/A mode OFF on input line 6410.
LaTeX Info: Redefining \ref on input line 6450.
LaTeX Info: Redefining \pageref on input line 6454.
\Hy@abspage=\count280
\c@Item=\count281
\c@Hfootnote=\count282
)
Package hyperref Info: Driver (autodetected): hxetex.
(/home/droubi/.TinyTeX/texmf-dist/tex/latex/hyperref/hxetex.def
File: hxetex.def 2018/11/30 v6.88e Hyperref driver for XeTeX
(/home/droubi/.TinyTeX/texmf-dist/tex/latex/hyperref/puenc.def
File: puenc.def 2018/11/30 v6.88e Hyperref: PDF Unicode definition (HO)
) (/home/droubi/.TinyTeX/texmf-dist/tex/generic/oberdiek/stringenc.sty
Package: stringenc 2016/05/16 v1.11 Convert strings between diff. encodings (HO
)
)
\pdfm@box=\box48
\c@Hy@AnnotLevel=\count283
\HyField@AnnotCount=\count284
\Fld@listcount=\count285
\c@bookmark@seq@number=\count286
(/home/droubi/.TinyTeX/texmf-dist/tex/latex/oberdiek/rerunfilecheck.sty
Package: rerunfilecheck 2016/05/16 v1.8 Rerun checks for auxiliary files (HO)
Package uniquecounter Info: New unique counter `rerunfilecheck' on input line 2
82.
)
\Hy@SectionHShift=\skip52
)
Package hyperref Info: Option `unicode' set `true' on input line 34.
(/home/droubi/.TinyTeX/texmf-dist/tex/generic/oberdiek/se-ascii-print.def
File: se-ascii-print.def 2016/05/16 v1.11 stringenc: Printable ASCII characters

)
Package hyperref Info: Option `colorlinks' set `true' on input line 34.
Package hyperref Info: Option `breaklinks' set `true' on input line 34.
(/home/droubi/.TinyTeX/texmf-dist/tex/latex/tools/longtable.sty
Package: longtable 2014/10/28 v4.11 Multi-page Table package (DPC)+ FMi change
\LTleft=\skip53
\LTright=\skip54
\LTpre=\skip55
\LTpost=\skip56
\LTchunksize=\count287
\LTcapwidth=\dimen159
\LT@head=\box49
\LT@firsthead=\box50
\LT@foot=\box51
\LT@lastfoot=\box52
\LT@cols=\count288
\LT@rows=\count289
\c@LT@tables=\count290
\c@LT@chunks=\count291
\LT@p@ftn=\toks23
) (/home/droubi/.TinyTeX/texmf-dist/tex/latex/booktabs/booktabs.sty
Package: booktabs 2016/04/27 v1.618033 publication quality tables
\heavyrulewidth=\dimen160
\lightrulewidth=\dimen161
\cmidrulewidth=\dimen162
\belowrulesep=\dimen163
\belowbottomsep=\dimen164
\aboverulesep=\dimen165
\abovetopsep=\dimen166
\cmidrulesep=\dimen167
\cmidrulekern=\dimen168
\defaultaddspace=\dimen169
\@cmidla=\count292
\@cmidlb=\count293
\@aboverulesep=\dimen170
\@belowrulesep=\dimen171
\@thisruleclass=\count294
\@lastruleclass=\count295
\@thisrulewidth=\dimen172
) (/home/droubi/.TinyTeX/texmf-dist/tex/latex/graphics/graphicx.sty
Package: graphicx 2017/06/01 v1.1a Enhanced LaTeX Graphics (DPC,SPQR)
(/home/droubi/.TinyTeX/texmf-dist/tex/latex/graphics/graphics.sty
Package: graphics 2017/06/25 v1.2c Standard LaTeX Graphics (DPC,SPQR)
(/home/droubi/.TinyTeX/texmf-dist/tex/latex/graphics/trig.sty
Package: trig 2016/01/03 v1.10 sin cos tan (DPC)
) (/home/droubi/.TinyTeX/texmf-dist/tex/latex/graphics-cfg/graphics.cfg
File: graphics.cfg 2016/06/04 v1.11 sample graphics configuration
)
Package graphics Info: Driver file: xetex.def on input line 99.
(/home/droubi/.TinyTeX/texmf-dist/tex/latex/graphics-def/xetex.def
File: xetex.def 2017/06/24 v5.0h Graphics/color driver for xetex
))
\Gin@req@height=\dimen173
\Gin@req@width=\dimen174
) (/home/droubi/.TinyTeX/texmf-dist/tex/latex/oberdiek/grffile.sty
Package: grffile 2017/06/30 v1.18 Extended file name support for graphics (HO)
Package grffile Info: Option `multidot' is set to `true'.
Package grffile Info: Option `extendedchars' is set to `false'.
Package grffile Info: Option `space' is set to `true'.
Package grffile Info: \Gin@ii of package `graphicx' fixed on input line 494.
) (/home/droubi/.TinyTeX/texmf-dist/tex/latex/titling/titling.sty
Package: titling 2009/09/04 v2.1d maketitle typesetting
\thanksmarkwidth=\skip57
\thanksmargin=\skip58
\droptitle=\skip59
) (/home/droubi/.TinyTeX/texmf-dist/tex/generic/babel/babel.sty
Package: babel 2019/05/04 3.31 The Babel package
(/home/droubi/.TinyTeX/texmf-dist/tex/generic/babel/switch.def
File: switch.def 2019/05/04 3.31 Babel switching mechanism
) (/home/droubi/.TinyTeX/texmf-dist/tex/generic/babel-portuges/portuges.ldf
Language: portuges 2008/03/18 v1.2q Portuguese support from the babel system
(/home/droubi/.TinyTeX/texmf-dist/tex/generic/babel/babel.def
File: babel.def 2019/05/04 3.31 Babel common definitions
\babel@savecnt=\count296
\U@D=\dimen175
(/home/droubi/.TinyTeX/texmf-dist/tex/generic/babel/xebabel.def (/home/droubi/.
TinyTeX/texmf-dist/tex/generic/babel/txtbabel.def))
\bbl@dirlevel=\count297
)
\l@brazil = a dialect from \language\l@portuges 
Package babel Info: Making " an active character on input line 145.
)) (/home/droubi/.TinyTeX/texmf-dist/tex/latex/float/float.sty
Package: float 2001/11/08 v1.3d Float enhancements (AL)
\c@float@type=\count298
\float@exts=\toks24
\float@box=\box53
\@float@everytoks=\toks25
\@floatcapt=\box54
) (/home/droubi/.TinyTeX/texmf-dist/tex/latex/subfig/subfig.sty
Package: subfig 2005/06/28 ver: 1.3 subfig package
(/home/droubi/.TinyTeX/texmf-dist/tex/latex/caption/caption.sty
Package: caption 2018/10/06 v3.3-154 Customizing captions (AR)
(/home/droubi/.TinyTeX/texmf-dist/tex/latex/caption/caption3.sty
Package: caption3 2018/09/12 v1.8c caption3 kernel (AR)
Package caption3 Info: TeX engine: e-TeX on input line 64.
\captionmargin=\dimen176
\captionmargin@=\dimen177
\captionwidth=\dimen178
\caption@tempdima=\dimen179
\caption@indent=\dimen180
\caption@parindent=\dimen181
\caption@hangindent=\dimen182
)
\c@caption@flags=\count299
\c@ContinuedFloat=\count300
Package caption Info: float package is loaded.
Package caption Info: hyperref package is loaded.
Package caption Info: longtable package is loaded.
(/home/droubi/.TinyTeX/texmf-dist/tex/latex/caption/ltcaption.sty
Package: ltcaption 2018/08/26 v1.4-95 longtable captions (AR)
))
\c@KVtest=\count301
\sf@farskip=\skip60
\sf@captopadj=\dimen183
\sf@capskip=\skip61
\sf@nearskip=\skip62
\c@subfigure=\count302
\c@subfigure@save=\count303
\c@lofdepth=\count304
\c@subtable=\count305
\c@subtable@save=\count306
\c@lotdepth=\count307
\sf@top=\skip63
\sf@bottom=\skip64
) (/home/droubi/.TinyTeX/texmf-dist/tex/latex/lastpage/lastpage.sty
Package: lastpage 2015/03/29 v1.2m Refers to last page's name (HMM; JPG)
) (/home/droubi/.TinyTeX/texmf-dist/tex/latex/graphics/lscape.sty
Package: lscape 2000/10/22 v3.01 Landscape Pages (DPC)
) (/home/droubi/.TinyTeX/texmf-dist/tex/latex/tools/indentfirst.sty
Package: indentfirst 1995/11/23 v1.03 Indent first paragraph (DPC)
)

Package fontspec Info: Arial scale = 0.8311558380414313.


Package fontspec Info: Arial scale = 0.8311558380414313.


Package fontspec Info: Arial/B scale = 0.8311558380414313.


Package fontspec Info: Arial/I scale = 0.8311558380414313.


Package fontspec Info: Arial/BI scale = 0.8311558380414313.


Package fontspec Info: Font family 'Arial(0)' created for font 'Arial' with
(fontspec)             options
(fontspec)             [Ligatures=TeX,Scale=MatchLowercase,Ligatures=TeX].
(fontspec)              
(fontspec)              This font family consists of the following NFSS
(fontspec)             series/shapes:
(fontspec)              
(fontspec)             - 'normal' (m/n) with NFSS spec.:
(fontspec)             <->s*[0.8311558380414313]"Arial/OT:mapping=tex-text;"
(fontspec)             - 'small caps'  (m/sc) with NFSS spec.: 
(fontspec)             - 'bold' (bx/n) with NFSS spec.:
(fontspec)             <->s*[0.8311558380414313]"Arial/B/OT:mapping=tex-text;"
(fontspec)             - 'bold small caps'  (bx/sc) with NFSS spec.: 
(fontspec)             - 'italic' (m/it) with NFSS spec.:
(fontspec)             <->s*[0.8311558380414313]"Arial/I/OT:mapping=tex-text;"
(fontspec)             - 'italic small caps'  (m/itsc) with NFSS spec.: 
(fontspec)             - 'bold italic' (bx/it) with NFSS spec.:
(fontspec)             <->s*[0.8311558380414313]"Arial/BI/OT:mapping=tex-text;"

(fontspec)             - 'bold italic small caps'  (bx/itsc) with NFSS spec.: 

LaTeX Info: Redefining \rmfamily on input line 113.
LaTeX Font Info:    Font shape `TU/Arial(0)/m/n' will be
(Font)              scaled to size 9.97394pt on input line 113.
(/home/droubi/.TinyTeX/texmf-dist/tex/latex/fancyhdr/fancyhdr.sty
Package: fancyhdr 2019/01/31 v3.10 Extensive control of page headers and footer
s
\f@nch@headwidth=\skip65
\f@nch@O@elh=\skip66
\f@nch@O@erh=\skip67
\f@nch@O@olh=\skip68
\f@nch@O@orh=\skip69
\f@nch@O@elf=\skip70
\f@nch@O@erf=\skip71
\f@nch@O@olf=\skip72
\f@nch@O@orf=\skip73
)

Package Fancyhdr Warning: \fancyhead's `E' option without twoside option is use
less on input line 127.


Package Fancyhdr Warning: \fancyfoot's `E' option without twoside option is use
less on input line 129.

(./Artigo.aux)
\openout1 = `Artigo.aux'.

LaTeX Font Info:    Checking defaults for OML/cmm/m/it on input line 132.
LaTeX Font Info:    ... okay on input line 132.
LaTeX Font Info:    Checking defaults for T1/cmr/m/n on input line 132.
LaTeX Font Info:    ... okay on input line 132.
LaTeX Font Info:    Checking defaults for OT1/cmr/m/n on input line 132.
LaTeX Font Info:    ... okay on input line 132.
LaTeX Font Info:    Checking defaults for OMS/cmsy/m/n on input line 132.
LaTeX Font Info:    ... okay on input line 132.
LaTeX Font Info:    Checking defaults for TU/lmr/m/n on input line 132.
LaTeX Font Info:    ... okay on input line 132.
LaTeX Font Info:    Checking defaults for OMX/cmex/m/n on input line 132.
LaTeX Font Info:    ... okay on input line 132.
LaTeX Font Info:    Checking defaults for U/cmr/m/n on input line 132.
LaTeX Font Info:    ... okay on input line 132.
LaTeX Font Info:    Checking defaults for TS1/cmr/m/n on input line 132.
LaTeX Font Info:    Try loading font information for TS1+cmr on input line 132.

(/home/droubi/.TinyTeX/texmf-dist/tex/latex/base/ts1cmr.fd
File: ts1cmr.fd 2014/09/29 v2.5h Standard LaTeX font definitions
)
LaTeX Font Info:    ... okay on input line 132.
LaTeX Font Info:    Checking defaults for PD1/pdf/m/n on input line 132.
LaTeX Font Info:    ... okay on input line 132.
LaTeX Font Info:    Checking defaults for PU/pdf/m/n on input line 132.
LaTeX Font Info:    ... okay on input line 132.
*geometry* driver: auto-detecting
*geometry* detected driver: xetex
*geometry* verbose mode - [ preamble ] result:
* driver: xetex
* paper: a4paper
* layout: <same size as paper>
* layoutoffset:(h,v)=(0.0pt,0.0pt)
* modes: includehead includefoot 
* h-part:(L,W,R)=(85.35826pt, 455.24411pt, 56.9055pt)
* v-part:(T,H,B)=(54.06006pt, 748.30766pt, 42.67912pt)
* \paperwidth=597.50787pt
* \paperheight=845.04684pt
* \textwidth=455.24411pt
* \textheight=618.30766pt
* \oddsidemargin=13.08827pt
* \evensidemargin=13.08827pt
* \topmargin=-18.20993pt
* \headheight=75.0pt
* \headsep=25.0pt
* \topskip=12.0pt
* \footskip=30.0pt
* \marginparwidth=35.0pt
* \marginparsep=10.0pt
* \columnsep=10.0pt
* \skip\footins=10.8pt plus 4.0pt minus 2.0pt
* \hoffset=0.0pt
* \voffset=0.0pt
* \mag=1000
* \@twocolumnfalse
* \@twosidefalse
* \@mparswitchfalse
* \@reversemarginfalse
* (1in=72.27pt=25.4mm, 1cm=28.453pt)

\AtBeginShipoutBox=\box55
(/home/droubi/.TinyTeX/texmf-dist/tex/latex/graphics/color.sty
Package: color 2016/07/10 v1.1e Standard LaTeX Color (DPC)
(/home/droubi/.TinyTeX/texmf-dist/tex/latex/graphics-cfg/color.cfg
File: color.cfg 2016/01/02 v1.6 sample color configuration
)
Package color Info: Driver file: xetex.def on input line 147.
(/home/droubi/.TinyTeX/texmf-dist/tex/latex/graphics/dvipsnam.def
File: dvipsnam.def 2016/06/17 v3.0m Driver-dependent file (DPC,SPQR)
))
Package hyperref Info: Link coloring ON on input line 132.
(/home/droubi/.TinyTeX/texmf-dist/tex/latex/hyperref/nameref.sty
Package: nameref 2016/05/21 v2.44 Cross-referencing by name of section
(/home/droubi/.TinyTeX/texmf-dist/tex/generic/oberdiek/gettitlestring.sty
Package: gettitlestring 2016/05/16 v1.5 Cleanup title references (HO)
)
\c@section@level=\count308
)
LaTeX Info: Redefining \ref on input line 132.
LaTeX Info: Redefining \pageref on input line 132.
LaTeX Info: Redefining \nameref on input line 132.
(./Artigo.out) (./Artigo.out)
\@outlinefile=\write3
\openout3 = `Artigo.out'.

Package caption Info: Begin \AtBeginDocument code.
Package caption Info: subfig package v1.3 is loaded.
Package caption Info: End \AtBeginDocument code.
Package lastpage Info: Please have a look at the pageslts package at
(lastpage)             https://www.ctan.org/pkg/pageslts
(lastpage)             ! on input line 132.
LaTeX Font Info:    Font shape `TU/Arial(0)/m/n' will be
(Font)              scaled to size 20.67929pt on input line 133.
LaTeX Font Info:    Font shape `TU/Arial(0)/m/n' will be
(Font)              scaled to size 11.96872pt on input line 133.
LaTeX Font Info:    Font shape `TU/Arial(0)/m/it' will be
(Font)              scaled to size 11.96872pt on input line 133.
LaTeX Font Info:    Try loading font information for OT1+lmr on input line 133.

(/home/droubi/.TinyTeX/texmf-dist/tex/latex/lm/ot1lmr.fd
File: ot1lmr.fd 2009/10/30 v1.6 Font defs for Latin Modern
)
LaTeX Font Info:    Try loading font information for OML+lmm on input line 133.

(/home/droubi/.TinyTeX/texmf-dist/tex/latex/lm/omllmm.fd
File: omllmm.fd 2009/10/30 v1.6 Font defs for Latin Modern
)
LaTeX Font Info:    Try loading font information for OMS+lmsy on input line 133
.
(/home/droubi/.TinyTeX/texmf-dist/tex/latex/lm/omslmsy.fd
File: omslmsy.fd 2009/10/30 v1.6 Font defs for Latin Modern
)
LaTeX Font Info:    Try loading font information for OMX+lmex on input line 133
.
(/home/droubi/.TinyTeX/texmf-dist/tex/latex/lm/omxlmex.fd
File: omxlmex.fd 2009/10/30 v1.6 Font defs for Latin Modern
)
LaTeX Font Info:    External font `lmex10' loaded for size
(Font)              <14.4> on input line 133.
LaTeX Font Info:    External font `lmex10' loaded for size
(Font)              <10> on input line 133.
LaTeX Font Info:    External font `lmex10' loaded for size
(Font)              <7> on input line 133.
LaTeX Font Info:    Try loading font information for U+msa on input line 133.
(/home/droubi/.TinyTeX/texmf-dist/tex/latex/amsfonts/umsa.fd
File: umsa.fd 2013/01/14 v3.01 AMS symbols A
)
LaTeX Font Info:    Try loading font information for U+msb on input line 133.
(/home/droubi/.TinyTeX/texmf-dist/tex/latex/amsfonts/umsb.fd
File: umsb.fd 2013/01/14 v3.01 AMS symbols B
)
LaTeX Font Info:    Font shape `TU/Arial(0)/m/n' will be
(Font)              scaled to size 8.31161pt on input line 133.
LaTeX Font Info:    Font shape `TU/Arial(0)/m/n' will be
(Font)              scaled to size 9.9739pt on input line 133.
LaTeX Font Info:    External font `lmex10' loaded for size
(Font)              <5> on input line 133.
LaTeX Font Info:    Font shape `TU/Arial(0)/m/n' will be
(Font)              scaled to size 5.81813pt on input line 133.
LaTeX Font Info:    Font shape `TU/Arial(0)/m/n' will be
(Font)              scaled to size 6.98174pt on input line 133.
LaTeX Font Info:    Font shape `TU/Arial(0)/m/n' will be
(Font)              scaled to size 14.36246pt on input line 136.
LaTeX Font Info:    Font shape `TU/Arial(0)/bx/n' will be
(Font)              scaled to size 14.36246pt on input line 136.
LaTeX Font Info:    Font shape `TU/Arial(0)/bx/n' will be
(Font)              scaled to size 11.96872pt on input line 165.
LaTeX Font Info:    External font `lmex10' loaded for size
(Font)              <12> on input line 168.
LaTeX Font Info:    External font `lmex10' loaded for size
(Font)              <8> on input line 168.
LaTeX Font Info:    External font `lmex10' loaded for size
(Font)              <6> on input line 168.
[1

]
LaTeX Font Info:    Font shape `TU/Arial(0)/m/n' will be
(Font)              scaled to size 6.64929pt on input line 178.
LaTeX Font Info:    Font shape `TU/Arial(0)/m/n' will be
(Font)              scaled to size 4.98697pt on input line 178.
LaTeX Font Info:    Font shape `TU/Arial(0)/bx/n' will be
(Font)              scaled to size 9.97394pt on input line 208.
LaTeX Font Info:    Font shape `TU/Arial(0)/m/it' will be
(Font)              scaled to size 9.97394pt on input line 232.
File: SPU.jpg Graphic file (type bmp)
<SPU.jpg>

Package Fancyhdr Warning: \headheight is too small (75.0pt): 
Make it at least 101.83228pt.
We now make it that large for the rest of the document.
This may cause the page layout to be inconsistent, however.

[2]
File: SPU.jpg Graphic file (type bmp)
<SPU.jpg>
[3]

LaTeX Font Warning: Font shape `TU/Arial(0)/b/n' undefined
(Font)              using `TU/Arial(0)/m/n' instead on input line 335.

LaTeX Font Info:    Font shape `TU/Arial(0)/b/n' will be
(Font)              scaled to size 9.97394pt on input line 337.
File: SPU.jpg Graphic file (type bmp)
<SPU.jpg>
[4]
File: images/hetero-1.png Graphic file (type bmp)
<images/hetero-1.png>
File: SPU.jpg Graphic file (type bmp)
<SPU.jpg>
[5]
File: SPU.jpg Graphic file (type bmp)
<SPU.jpg>
[6]
File: images/hetero2-1.png Graphic file (type bmp)
<images/hetero2-1.png>
File: SPU.jpg Graphic file (type bmp)
<SPU.jpg>
[7]
File: SPU.jpg Graphic file (type bmp)
<SPU.jpg>
[8]
File: images/hetero3-1.png Graphic file (type bmp)
<images/hetero3-1.png>
File: SPU.jpg Graphic file (type bmp)
<SPU.jpg>
[9]
File: SPU.jpg Graphic file (type bmp)
<SPU.jpg>
[10]
File: SPU.jpg Graphic file (type bmp)
<SPU.jpg>
[11] 
AED: lastpage setting LastPage
File: SPU.jpg Graphic file (type bmp)
<SPU.jpg>
[12]
Package atveryend Info: Empty hook `BeforeClearDocument' on input line 722.
Package atveryend Info: Empty hook `AfterLastShipout' on input line 722.
(./Artigo.aux)
Package atveryend Info: Empty hook `AtVeryEndDocument' on input line 722.
Package atveryend Info: Executing hook `AtEndAfterFileList' on input line 722.
Package rerunfilecheck Info: File `Artigo.out' has not changed.
(rerunfilecheck)             Checksum: BCA845D860BCAC6E07E16D2CA475FD0E.

LaTeX Font Warning: Some font shapes were not available, defaults substituted.

 ) 
Here is how much of TeX's memory you used:
 24679 strings out of 494878
 457004 string characters out of 6176290
 576405 words of memory out of 5000000
 28339 multiletter control sequences out of 15000+600000
 561238 words of font info for 90 fonts, out of 8000000 for 9000
 16 hyphenation exceptions out of 8191
 61i,12n,116p,803b,476s stack positions out of 5000i,500n,10000p,200000b,80000s

Output written on Artigo.pdf (12 pages).
